INFO - 2024-03-12 04:36:29 --> Session: Class initialized using 'CodeIgniter\Session\Handlers\FileHandler' driver.
CRITICAL - 2024-03-12 05:20:31 --> CodeIgniter\View\Exceptions\ViewException: Invalid file: "header.php"
in SYSTEMPATH\Exceptions\FrameworkException.php on line 39.
 1 SYSTEMPATH\View\View.php(216): CodeIgniter\Exceptions\FrameworkException::forInvalidFile('header.php')
 2 SYSTEMPATH\Common.php(1178): CodeIgniter\View\View->render('header', [], true)
 3 APPPATH\Controllers\Blog.php(13): view('header')
 4 SYSTEMPATH\CodeIgniter.php(941): App\Controllers\Blog->index()
 5 SYSTEMPATH\CodeIgniter.php(502): CodeIgniter\CodeIgniter->runController(Object(App\Controllers\Blog))
 6 SYSTEMPATH\CodeIgniter.php(361): CodeIgniter\CodeIgniter->handleRequest(null, Object(Config\Cache), false)
 7 FCPATH\index.php(81): CodeIgniter\CodeIgniter->run()
 8 SYSTEMPATH\Commands\Server\rewrite.php(47): require_once('D:\\MATERI KULIAH\\SEMESTER 4\\PBF\\codeigniter4-framework-7d393f8\\public\\index.php')
CRITICAL - 2024-03-12 05:37:58 --> CodeIgniter\View\Exceptions\ViewException: Invalid file: "header.php"
in SYSTEMPATH\Exceptions\FrameworkException.php on line 39.
 1 SYSTEMPATH\View\View.php(216): CodeIgniter\Exceptions\FrameworkException::forInvalidFile('header.php')
 2 SYSTEMPATH\Common.php(1178): CodeIgniter\View\View->render('header', [], true)
 3 APPPATH\Controllers\Blog.php(28): view('header')
 4 SYSTEMPATH\CodeIgniter.php(941): App\Controllers\Blog->index()
 5 SYSTEMPATH\CodeIgniter.php(502): CodeIgniter\CodeIgniter->runController(Object(App\Controllers\Blog))
 6 SYSTEMPATH\CodeIgniter.php(361): CodeIgniter\CodeIgniter->handleRequest(null, Object(Config\Cache), false)
 7 FCPATH\index.php(81): CodeIgniter\CodeIgniter->run()
 8 SYSTEMPATH\Commands\Server\rewrite.php(47): require_once('D:\\MATERI KULIAH\\SEMESTER 4\\PBF\\codeigniter4-framework-7d393f8\\public\\index.php')
ERROR - 2024-03-12 06:16:46 --> Error connecting to the database: mysqli_sql_exception: A connection attempt failed because the connected party did not properly respond after a period of time, or established connection failed because connected host has failed to respond in D:\MATERI KULIAH\SEMESTER 4\PBF\codeigniter4-framework-7d393f8\system\Database\MySQLi\Connection.php:185
Stack trace:
#0 D:\MATERI KULIAH\SEMESTER 4\PBF\codeigniter4-framework-7d393f8\system\Database\MySQLi\Connection.php(185): mysqli->real_connect('hostname', 'username', 'password', 'database', '3306', '', 0)
#1 D:\MATERI KULIAH\SEMESTER 4\PBF\codeigniter4-framework-7d393f8\system\Database\BaseConnection.php(392): CodeIgniter\Database\MySQLi\Connection->connect(false)
#2 D:\MATERI KULIAH\SEMESTER 4\PBF\codeigniter4-framework-7d393f8\system\Database\BaseConnection.php(575): CodeIgniter\Database\BaseConnection->initialize()
#3 D:\MATERI KULIAH\SEMESTER 4\PBF\codeigniter4-framework-7d393f8\system\Database\BaseBuilder.php(1616): CodeIgniter\Database\BaseConnection->query('SELECT *\nFROM `...', Array, false)
#4 D:\MATERI KULIAH\SEMESTER 4\PBF\codeigniter4-framework-7d393f8\system\Model.php(242): CodeIgniter\Database\BaseBuilder->get()
#5 D:\MATERI KULIAH\SEMESTER 4\PBF\codeigniter4-framework-7d393f8\system\BaseModel.php(638): CodeIgniter\Model->doFindAll(0, 0)
#6 D:\MATERI KULIAH\SEMESTER 4\PBF\codeigniter4-framework-7d393f8\app\Models\NewsModel.php(15): CodeIgniter\BaseModel->findAll()
#7 D:\MATERI KULIAH\SEMESTER 4\PBF\codeigniter4-framework-7d393f8\app\Controllers\News.php(15): App\Models\NewsModel->getNews()
#8 D:\MATERI KULIAH\SEMESTER 4\PBF\codeigniter4-framework-7d393f8\system\CodeIgniter.php(941): App\Controllers\News->index()
#9 D:\MATERI KULIAH\SEMESTER 4\PBF\codeigniter4-framework-7d393f8\system\CodeIgniter.php(502): CodeIgniter\CodeIgniter->runController(Object(App\Controllers\News))
#10 D:\MATERI KULIAH\SEMESTER 4\PBF\codeigniter4-framework-7d393f8\system\CodeIgniter.php(361): CodeIgniter\CodeIgniter->handleRequest(NULL, Object(Config\Cache), false)
#11 D:\MATERI KULIAH\SEMESTER 4\PBF\codeigniter4-framework-7d393f8\public\index.php(81): CodeIgniter\CodeIgniter->run()
#12 D:\MATERI KULIAH\SEMESTER 4\PBF\codeigniter4-framework-7d393f8\system\Commands\Server\rewrite.php(47): require_once('D:\\MATERI KULIA...')
#13 {main}

Next CodeIgniter\Database\Exceptions\DatabaseException: A connection attempt failed because the connected party did not properly respond after a period of time, or established connection failed because connected host has failed to respond in D:\MATERI KULIAH\SEMESTER 4\PBF\codeigniter4-framework-7d393f8\system\Database\MySQLi\Connection.php:229
Stack trace:
#0 D:\MATERI KULIAH\SEMESTER 4\PBF\codeigniter4-framework-7d393f8\system\Database\BaseConnection.php(392): CodeIgniter\Database\MySQLi\Connection->connect(false)
#1 D:\MATERI KULIAH\SEMESTER 4\PBF\codeigniter4-framework-7d393f8\system\Database\BaseConnection.php(575): CodeIgniter\Database\BaseConnection->initialize()
#2 D:\MATERI KULIAH\SEMESTER 4\PBF\codeigniter4-framework-7d393f8\system\Database\BaseBuilder.php(1616): CodeIgniter\Database\BaseConnection->query('SELECT *\nFROM `...', Array, false)
#3 D:\MATERI KULIAH\SEMESTER 4\PBF\codeigniter4-framework-7d393f8\system\Model.php(242): CodeIgniter\Database\BaseBuilder->get()
#4 D:\MATERI KULIAH\SEMESTER 4\PBF\codeigniter4-framework-7d393f8\system\BaseModel.php(638): CodeIgniter\Model->doFindAll(0, 0)
#5 D:\MATERI KULIAH\SEMESTER 4\PBF\codeigniter4-framework-7d393f8\app\Models\NewsModel.php(15): CodeIgniter\BaseModel->findAll()
#6 D:\MATERI KULIAH\SEMESTER 4\PBF\codeigniter4-framework-7d393f8\app\Controllers\News.php(15): App\Models\NewsModel->getNews()
#7 D:\MATERI KULIAH\SEMESTER 4\PBF\codeigniter4-framework-7d393f8\system\CodeIgniter.php(941): App\Controllers\News->index()
#8 D:\MATERI KULIAH\SEMESTER 4\PBF\codeigniter4-framework-7d393f8\system\CodeIgniter.php(502): CodeIgniter\CodeIgniter->runController(Object(App\Controllers\News))
#9 D:\MATERI KULIAH\SEMESTER 4\PBF\codeigniter4-framework-7d393f8\system\CodeIgniter.php(361): CodeIgniter\CodeIgniter->handleRequest(NULL, Object(Config\Cache), false)
#10 D:\MATERI KULIAH\SEMESTER 4\PBF\codeigniter4-framework-7d393f8\public\index.php(81): CodeIgniter\CodeIgniter->run()
#11 D:\MATERI KULIAH\SEMESTER 4\PBF\codeigniter4-framework-7d393f8\system\Commands\Server\rewrite.php(47): require_once('D:\\MATERI KULIA...')
#12 {main}
CRITICAL - 2024-03-12 06:16:46 --> CodeIgniter\Database\Exceptions\DatabaseException: Unable to connect to the database.
Main connection [MySQLi]: A connection attempt failed because the connected party did not properly respond after a period of time, or established connection failed because connected host has failed to respond
in SYSTEMPATH\Database\BaseConnection.php on line 428.
 1 SYSTEMPATH\Database\BaseConnection.php(575): CodeIgniter\Database\BaseConnection->initialize()
 2 SYSTEMPATH\Database\BaseBuilder.php(1616): CodeIgniter\Database\BaseConnection->query('SELECT *
FROM `news`', [], false)
 3 SYSTEMPATH\Model.php(242): CodeIgniter\Database\BaseBuilder->get()
 4 SYSTEMPATH\BaseModel.php(638): CodeIgniter\Model->doFindAll(0, 0)
 5 APPPATH\Models\NewsModel.php(15): CodeIgniter\BaseModel->findAll()
 6 APPPATH\Controllers\News.php(15): App\Models\NewsModel->getNews()
 7 SYSTEMPATH\CodeIgniter.php(941): App\Controllers\News->index()
 8 SYSTEMPATH\CodeIgniter.php(502): CodeIgniter\CodeIgniter->runController(Object(App\Controllers\News))
 9 SYSTEMPATH\CodeIgniter.php(361): CodeIgniter\CodeIgniter->handleRequest(null, Object(Config\Cache), false)
10 FCPATH\index.php(81): CodeIgniter\CodeIgniter->run()
11 SYSTEMPATH\Commands\Server\rewrite.php(47): require_once('D:\\MATERI KULIAH\\SEMESTER 4\\PBF\\codeigniter4-framework-7d393f8\\public\\index.php')
ERROR - 2024-03-12 06:16:59 --> Error connecting to the database: mysqli_sql_exception: A connection attempt failed because the connected party did not properly respond after a period of time, or established connection failed because connected host has failed to respond in D:\MATERI KULIAH\SEMESTER 4\PBF\codeigniter4-framework-7d393f8\system\Database\MySQLi\Connection.php:185
Stack trace:
#0 D:\MATERI KULIAH\SEMESTER 4\PBF\codeigniter4-framework-7d393f8\system\Database\MySQLi\Connection.php(185): mysqli->real_connect('hostname', 'username', 'password', 'database', '3306', '', 0)
#1 D:\MATERI KULIAH\SEMESTER 4\PBF\codeigniter4-framework-7d393f8\system\Database\BaseConnection.php(392): CodeIgniter\Database\MySQLi\Connection->connect(false)
#2 D:\MATERI KULIAH\SEMESTER 4\PBF\codeigniter4-framework-7d393f8\system\Database\BaseConnection.php(575): CodeIgniter\Database\BaseConnection->initialize()
#3 D:\MATERI KULIAH\SEMESTER 4\PBF\codeigniter4-framework-7d393f8\system\Database\BaseBuilder.php(1616): CodeIgniter\Database\BaseConnection->query('SELECT *\nFROM `...', Array, false)
#4 D:\MATERI KULIAH\SEMESTER 4\PBF\codeigniter4-framework-7d393f8\system\Model.php(242): CodeIgniter\Database\BaseBuilder->get()
#5 D:\MATERI KULIAH\SEMESTER 4\PBF\codeigniter4-framework-7d393f8\system\BaseModel.php(638): CodeIgniter\Model->doFindAll(0, 0)
#6 D:\MATERI KULIAH\SEMESTER 4\PBF\codeigniter4-framework-7d393f8\app\Models\NewsModel.php(15): CodeIgniter\BaseModel->findAll()
#7 D:\MATERI KULIAH\SEMESTER 4\PBF\codeigniter4-framework-7d393f8\app\Controllers\News.php(15): App\Models\NewsModel->getNews()
#8 D:\MATERI KULIAH\SEMESTER 4\PBF\codeigniter4-framework-7d393f8\system\CodeIgniter.php(941): App\Controllers\News->index()
#9 D:\MATERI KULIAH\SEMESTER 4\PBF\codeigniter4-framework-7d393f8\system\CodeIgniter.php(502): CodeIgniter\CodeIgniter->runController(Object(App\Controllers\News))
#10 D:\MATERI KULIAH\SEMESTER 4\PBF\codeigniter4-framework-7d393f8\system\CodeIgniter.php(361): CodeIgniter\CodeIgniter->handleRequest(NULL, Object(Config\Cache), false)
#11 D:\MATERI KULIAH\SEMESTER 4\PBF\codeigniter4-framework-7d393f8\public\index.php(81): CodeIgniter\CodeIgniter->run()
#12 D:\MATERI KULIAH\SEMESTER 4\PBF\codeigniter4-framework-7d393f8\system\Commands\Server\rewrite.php(47): require_once('D:\\MATERI KULIA...')
#13 {main}

Next CodeIgniter\Database\Exceptions\DatabaseException: A connection attempt failed because the connected party did not properly respond after a period of time, or established connection failed because connected host has failed to respond in D:\MATERI KULIAH\SEMESTER 4\PBF\codeigniter4-framework-7d393f8\system\Database\MySQLi\Connection.php:229
Stack trace:
#0 D:\MATERI KULIAH\SEMESTER 4\PBF\codeigniter4-framework-7d393f8\system\Database\BaseConnection.php(392): CodeIgniter\Database\MySQLi\Connection->connect(false)
#1 D:\MATERI KULIAH\SEMESTER 4\PBF\codeigniter4-framework-7d393f8\system\Database\BaseConnection.php(575): CodeIgniter\Database\BaseConnection->initialize()
#2 D:\MATERI KULIAH\SEMESTER 4\PBF\codeigniter4-framework-7d393f8\system\Database\BaseBuilder.php(1616): CodeIgniter\Database\BaseConnection->query('SELECT *\nFROM `...', Array, false)
#3 D:\MATERI KULIAH\SEMESTER 4\PBF\codeigniter4-framework-7d393f8\system\Model.php(242): CodeIgniter\Database\BaseBuilder->get()
#4 D:\MATERI KULIAH\SEMESTER 4\PBF\codeigniter4-framework-7d393f8\system\BaseModel.php(638): CodeIgniter\Model->doFindAll(0, 0)
#5 D:\MATERI KULIAH\SEMESTER 4\PBF\codeigniter4-framework-7d393f8\app\Models\NewsModel.php(15): CodeIgniter\BaseModel->findAll()
#6 D:\MATERI KULIAH\SEMESTER 4\PBF\codeigniter4-framework-7d393f8\app\Controllers\News.php(15): App\Models\NewsModel->getNews()
#7 D:\MATERI KULIAH\SEMESTER 4\PBF\codeigniter4-framework-7d393f8\system\CodeIgniter.php(941): App\Controllers\News->index()
#8 D:\MATERI KULIAH\SEMESTER 4\PBF\codeigniter4-framework-7d393f8\system\CodeIgniter.php(502): CodeIgniter\CodeIgniter->runController(Object(App\Controllers\News))
#9 D:\MATERI KULIAH\SEMESTER 4\PBF\codeigniter4-framework-7d393f8\system\CodeIgniter.php(361): CodeIgniter\CodeIgniter->handleRequest(NULL, Object(Config\Cache), false)
#10 D:\MATERI KULIAH\SEMESTER 4\PBF\codeigniter4-framework-7d393f8\public\index.php(81): CodeIgniter\CodeIgniter->run()
#11 D:\MATERI KULIAH\SEMESTER 4\PBF\codeigniter4-framework-7d393f8\system\Commands\Server\rewrite.php(47): require_once('D:\\MATERI KULIA...')
#12 {main}
CRITICAL - 2024-03-12 06:16:59 --> CodeIgniter\Database\Exceptions\DatabaseException: Unable to connect to the database.
Main connection [MySQLi]: A connection attempt failed because the connected party did not properly respond after a period of time, or established connection failed because connected host has failed to respond
in SYSTEMPATH\Database\BaseConnection.php on line 428.
 1 SYSTEMPATH\Database\BaseConnection.php(575): CodeIgniter\Database\BaseConnection->initialize()
 2 SYSTEMPATH\Database\BaseBuilder.php(1616): CodeIgniter\Database\BaseConnection->query('SELECT *
FROM `news`', [], false)
 3 SYSTEMPATH\Model.php(242): CodeIgniter\Database\BaseBuilder->get()
 4 SYSTEMPATH\BaseModel.php(638): CodeIgniter\Model->doFindAll(0, 0)
 5 APPPATH\Models\NewsModel.php(15): CodeIgniter\BaseModel->findAll()
 6 APPPATH\Controllers\News.php(15): App\Models\NewsModel->getNews()
 7 SYSTEMPATH\CodeIgniter.php(941): App\Controllers\News->index()
 8 SYSTEMPATH\CodeIgniter.php(502): CodeIgniter\CodeIgniter->runController(Object(App\Controllers\News))
 9 SYSTEMPATH\CodeIgniter.php(361): CodeIgniter\CodeIgniter->handleRequest(null, Object(Config\Cache), false)
10 FCPATH\index.php(81): CodeIgniter\CodeIgniter->run()
11 SYSTEMPATH\Commands\Server\rewrite.php(47): require_once('D:\\MATERI KULIAH\\SEMESTER 4\\PBF\\codeigniter4-framework-7d393f8\\public\\index.php')
ERROR - 2024-03-12 06:18:34 --> Error connecting to the database: mysqli_sql_exception: A connection attempt failed because the connected party did not properly respond after a period of time, or established connection failed because connected host has failed to respond in D:\MATERI KULIAH\SEMESTER 4\PBF\codeigniter4-framework-7d393f8\system\Database\MySQLi\Connection.php:185
Stack trace:
#0 D:\MATERI KULIAH\SEMESTER 4\PBF\codeigniter4-framework-7d393f8\system\Database\MySQLi\Connection.php(185): mysqli->real_connect('hostname', 'username', 'password', 'database', '3306', '', 0)
#1 D:\MATERI KULIAH\SEMESTER 4\PBF\codeigniter4-framework-7d393f8\system\Database\BaseConnection.php(392): CodeIgniter\Database\MySQLi\Connection->connect(false)
#2 D:\MATERI KULIAH\SEMESTER 4\PBF\codeigniter4-framework-7d393f8\system\Database\BaseConnection.php(575): CodeIgniter\Database\BaseConnection->initialize()
#3 D:\MATERI KULIAH\SEMESTER 4\PBF\codeigniter4-framework-7d393f8\system\Database\BaseBuilder.php(1616): CodeIgniter\Database\BaseConnection->query('SELECT *\nFROM `...', Array, false)
#4 D:\MATERI KULIAH\SEMESTER 4\PBF\codeigniter4-framework-7d393f8\system\Model.php(242): CodeIgniter\Database\BaseBuilder->get()
#5 D:\MATERI KULIAH\SEMESTER 4\PBF\codeigniter4-framework-7d393f8\system\BaseModel.php(638): CodeIgniter\Model->doFindAll(0, 0)
#6 D:\MATERI KULIAH\SEMESTER 4\PBF\codeigniter4-framework-7d393f8\app\Models\NewsModel.php(15): CodeIgniter\BaseModel->findAll()
#7 D:\MATERI KULIAH\SEMESTER 4\PBF\codeigniter4-framework-7d393f8\app\Controllers\News.php(15): App\Models\NewsModel->getNews()
#8 D:\MATERI KULIAH\SEMESTER 4\PBF\codeigniter4-framework-7d393f8\system\CodeIgniter.php(941): App\Controllers\News->index()
#9 D:\MATERI KULIAH\SEMESTER 4\PBF\codeigniter4-framework-7d393f8\system\CodeIgniter.php(502): CodeIgniter\CodeIgniter->runController(Object(App\Controllers\News))
#10 D:\MATERI KULIAH\SEMESTER 4\PBF\codeigniter4-framework-7d393f8\system\CodeIgniter.php(361): CodeIgniter\CodeIgniter->handleRequest(NULL, Object(Config\Cache), false)
#11 D:\MATERI KULIAH\SEMESTER 4\PBF\codeigniter4-framework-7d393f8\public\index.php(81): CodeIgniter\CodeIgniter->run()
#12 D:\MATERI KULIAH\SEMESTER 4\PBF\codeigniter4-framework-7d393f8\system\Commands\Server\rewrite.php(47): require_once('D:\\MATERI KULIA...')
#13 {main}

Next CodeIgniter\Database\Exceptions\DatabaseException: A connection attempt failed because the connected party did not properly respond after a period of time, or established connection failed because connected host has failed to respond in D:\MATERI KULIAH\SEMESTER 4\PBF\codeigniter4-framework-7d393f8\system\Database\MySQLi\Connection.php:229
Stack trace:
#0 D:\MATERI KULIAH\SEMESTER 4\PBF\codeigniter4-framework-7d393f8\system\Database\BaseConnection.php(392): CodeIgniter\Database\MySQLi\Connection->connect(false)
#1 D:\MATERI KULIAH\SEMESTER 4\PBF\codeigniter4-framework-7d393f8\system\Database\BaseConnection.php(575): CodeIgniter\Database\BaseConnection->initialize()
#2 D:\MATERI KULIAH\SEMESTER 4\PBF\codeigniter4-framework-7d393f8\system\Database\BaseBuilder.php(1616): CodeIgniter\Database\BaseConnection->query('SELECT *\nFROM `...', Array, false)
#3 D:\MATERI KULIAH\SEMESTER 4\PBF\codeigniter4-framework-7d393f8\system\Model.php(242): CodeIgniter\Database\BaseBuilder->get()
#4 D:\MATERI KULIAH\SEMESTER 4\PBF\codeigniter4-framework-7d393f8\system\BaseModel.php(638): CodeIgniter\Model->doFindAll(0, 0)
#5 D:\MATERI KULIAH\SEMESTER 4\PBF\codeigniter4-framework-7d393f8\app\Models\NewsModel.php(15): CodeIgniter\BaseModel->findAll()
#6 D:\MATERI KULIAH\SEMESTER 4\PBF\codeigniter4-framework-7d393f8\app\Controllers\News.php(15): App\Models\NewsModel->getNews()
#7 D:\MATERI KULIAH\SEMESTER 4\PBF\codeigniter4-framework-7d393f8\system\CodeIgniter.php(941): App\Controllers\News->index()
#8 D:\MATERI KULIAH\SEMESTER 4\PBF\codeigniter4-framework-7d393f8\system\CodeIgniter.php(502): CodeIgniter\CodeIgniter->runController(Object(App\Controllers\News))
#9 D:\MATERI KULIAH\SEMESTER 4\PBF\codeigniter4-framework-7d393f8\system\CodeIgniter.php(361): CodeIgniter\CodeIgniter->handleRequest(NULL, Object(Config\Cache), false)
#10 D:\MATERI KULIAH\SEMESTER 4\PBF\codeigniter4-framework-7d393f8\public\index.php(81): CodeIgniter\CodeIgniter->run()
#11 D:\MATERI KULIAH\SEMESTER 4\PBF\codeigniter4-framework-7d393f8\system\Commands\Server\rewrite.php(47): require_once('D:\\MATERI KULIA...')
#12 {main}
CRITICAL - 2024-03-12 06:18:34 --> CodeIgniter\Database\Exceptions\DatabaseException: Unable to connect to the database.
Main connection [MySQLi]: A connection attempt failed because the connected party did not properly respond after a period of time, or established connection failed because connected host has failed to respond
in SYSTEMPATH\Database\BaseConnection.php on line 428.
 1 SYSTEMPATH\Database\BaseConnection.php(575): CodeIgniter\Database\BaseConnection->initialize()
 2 SYSTEMPATH\Database\BaseBuilder.php(1616): CodeIgniter\Database\BaseConnection->query('SELECT *
FROM `news`', [], false)
 3 SYSTEMPATH\Model.php(242): CodeIgniter\Database\BaseBuilder->get()
 4 SYSTEMPATH\BaseModel.php(638): CodeIgniter\Model->doFindAll(0, 0)
 5 APPPATH\Models\NewsModel.php(15): CodeIgniter\BaseModel->findAll()
 6 APPPATH\Controllers\News.php(15): App\Models\NewsModel->getNews()
 7 SYSTEMPATH\CodeIgniter.php(941): App\Controllers\News->index()
 8 SYSTEMPATH\CodeIgniter.php(502): CodeIgniter\CodeIgniter->runController(Object(App\Controllers\News))
 9 SYSTEMPATH\CodeIgniter.php(361): CodeIgniter\CodeIgniter->handleRequest(null, Object(Config\Cache), false)
10 FCPATH\index.php(81): CodeIgniter\CodeIgniter->run()
11 SYSTEMPATH\Commands\Server\rewrite.php(47): require_once('D:\\MATERI KULIAH\\SEMESTER 4\\PBF\\codeigniter4-framework-7d393f8\\public\\index.php')
ERROR - 2024-03-12 06:18:51 --> Error connecting to the database: mysqli_sql_exception: A connection attempt failed because the connected party did not properly respond after a period of time, or established connection failed because connected host has failed to respond in D:\MATERI KULIAH\SEMESTER 4\PBF\codeigniter4-framework-7d393f8\system\Database\MySQLi\Connection.php:185
Stack trace:
#0 D:\MATERI KULIAH\SEMESTER 4\PBF\codeigniter4-framework-7d393f8\system\Database\MySQLi\Connection.php(185): mysqli->real_connect('hostname', 'username', 'password', 'database', '3306', '', 0)
#1 D:\MATERI KULIAH\SEMESTER 4\PBF\codeigniter4-framework-7d393f8\system\Database\BaseConnection.php(392): CodeIgniter\Database\MySQLi\Connection->connect(false)
#2 D:\MATERI KULIAH\SEMESTER 4\PBF\codeigniter4-framework-7d393f8\system\Database\BaseConnection.php(575): CodeIgniter\Database\BaseConnection->initialize()
#3 D:\MATERI KULIAH\SEMESTER 4\PBF\codeigniter4-framework-7d393f8\system\Database\BaseBuilder.php(1616): CodeIgniter\Database\BaseConnection->query('SELECT *\nFROM `...', Array, false)
#4 D:\MATERI KULIAH\SEMESTER 4\PBF\codeigniter4-framework-7d393f8\system\Model.php(242): CodeIgniter\Database\BaseBuilder->get()
#5 D:\MATERI KULIAH\SEMESTER 4\PBF\codeigniter4-framework-7d393f8\system\BaseModel.php(638): CodeIgniter\Model->doFindAll(0, 0)
#6 D:\MATERI KULIAH\SEMESTER 4\PBF\codeigniter4-framework-7d393f8\app\Models\NewsModel.php(15): CodeIgniter\BaseModel->findAll()
#7 D:\MATERI KULIAH\SEMESTER 4\PBF\codeigniter4-framework-7d393f8\app\Controllers\News.php(15): App\Models\NewsModel->getNews()
#8 D:\MATERI KULIAH\SEMESTER 4\PBF\codeigniter4-framework-7d393f8\system\CodeIgniter.php(941): App\Controllers\News->index()
#9 D:\MATERI KULIAH\SEMESTER 4\PBF\codeigniter4-framework-7d393f8\system\CodeIgniter.php(502): CodeIgniter\CodeIgniter->runController(Object(App\Controllers\News))
#10 D:\MATERI KULIAH\SEMESTER 4\PBF\codeigniter4-framework-7d393f8\system\CodeIgniter.php(361): CodeIgniter\CodeIgniter->handleRequest(NULL, Object(Config\Cache), false)
#11 D:\MATERI KULIAH\SEMESTER 4\PBF\codeigniter4-framework-7d393f8\public\index.php(81): CodeIgniter\CodeIgniter->run()
#12 D:\MATERI KULIAH\SEMESTER 4\PBF\codeigniter4-framework-7d393f8\system\Commands\Server\rewrite.php(47): require_once('D:\\MATERI KULIA...')
#13 {main}

Next CodeIgniter\Database\Exceptions\DatabaseException: A connection attempt failed because the connected party did not properly respond after a period of time, or established connection failed because connected host has failed to respond in D:\MATERI KULIAH\SEMESTER 4\PBF\codeigniter4-framework-7d393f8\system\Database\MySQLi\Connection.php:229
Stack trace:
#0 D:\MATERI KULIAH\SEMESTER 4\PBF\codeigniter4-framework-7d393f8\system\Database\BaseConnection.php(392): CodeIgniter\Database\MySQLi\Connection->connect(false)
#1 D:\MATERI KULIAH\SEMESTER 4\PBF\codeigniter4-framework-7d393f8\system\Database\BaseConnection.php(575): CodeIgniter\Database\BaseConnection->initialize()
#2 D:\MATERI KULIAH\SEMESTER 4\PBF\codeigniter4-framework-7d393f8\system\Database\BaseBuilder.php(1616): CodeIgniter\Database\BaseConnection->query('SELECT *\nFROM `...', Array, false)
#3 D:\MATERI KULIAH\SEMESTER 4\PBF\codeigniter4-framework-7d393f8\system\Model.php(242): CodeIgniter\Database\BaseBuilder->get()
#4 D:\MATERI KULIAH\SEMESTER 4\PBF\codeigniter4-framework-7d393f8\system\BaseModel.php(638): CodeIgniter\Model->doFindAll(0, 0)
#5 D:\MATERI KULIAH\SEMESTER 4\PBF\codeigniter4-framework-7d393f8\app\Models\NewsModel.php(15): CodeIgniter\BaseModel->findAll()
#6 D:\MATERI KULIAH\SEMESTER 4\PBF\codeigniter4-framework-7d393f8\app\Controllers\News.php(15): App\Models\NewsModel->getNews()
#7 D:\MATERI KULIAH\SEMESTER 4\PBF\codeigniter4-framework-7d393f8\system\CodeIgniter.php(941): App\Controllers\News->index()
#8 D:\MATERI KULIAH\SEMESTER 4\PBF\codeigniter4-framework-7d393f8\system\CodeIgniter.php(502): CodeIgniter\CodeIgniter->runController(Object(App\Controllers\News))
#9 D:\MATERI KULIAH\SEMESTER 4\PBF\codeigniter4-framework-7d393f8\system\CodeIgniter.php(361): CodeIgniter\CodeIgniter->handleRequest(NULL, Object(Config\Cache), false)
#10 D:\MATERI KULIAH\SEMESTER 4\PBF\codeigniter4-framework-7d393f8\public\index.php(81): CodeIgniter\CodeIgniter->run()
#11 D:\MATERI KULIAH\SEMESTER 4\PBF\codeigniter4-framework-7d393f8\system\Commands\Server\rewrite.php(47): require_once('D:\\MATERI KULIA...')
#12 {main}
CRITICAL - 2024-03-12 06:18:51 --> CodeIgniter\Database\Exceptions\DatabaseException: Unable to connect to the database.
Main connection [MySQLi]: A connection attempt failed because the connected party did not properly respond after a period of time, or established connection failed because connected host has failed to respond
in SYSTEMPATH\Database\BaseConnection.php on line 428.
 1 SYSTEMPATH\Database\BaseConnection.php(575): CodeIgniter\Database\BaseConnection->initialize()
 2 SYSTEMPATH\Database\BaseBuilder.php(1616): CodeIgniter\Database\BaseConnection->query('SELECT *
FROM `news`', [], false)
 3 SYSTEMPATH\Model.php(242): CodeIgniter\Database\BaseBuilder->get()
 4 SYSTEMPATH\BaseModel.php(638): CodeIgniter\Model->doFindAll(0, 0)
 5 APPPATH\Models\NewsModel.php(15): CodeIgniter\BaseModel->findAll()
 6 APPPATH\Controllers\News.php(15): App\Models\NewsModel->getNews()
 7 SYSTEMPATH\CodeIgniter.php(941): App\Controllers\News->index()
 8 SYSTEMPATH\CodeIgniter.php(502): CodeIgniter\CodeIgniter->runController(Object(App\Controllers\News))
 9 SYSTEMPATH\CodeIgniter.php(361): CodeIgniter\CodeIgniter->handleRequest(null, Object(Config\Cache), false)
10 FCPATH\index.php(81): CodeIgniter\CodeIgniter->run()
11 SYSTEMPATH\Commands\Server\rewrite.php(47): require_once('D:\\MATERI KULIAH\\SEMESTER 4\\PBF\\codeigniter4-framework-7d393f8\\public\\index.php')
ERROR - 2024-03-12 06:19:42 --> Error connecting to the database: mysqli_sql_exception: The requested address is not valid in its context in D:\MATERI KULIAH\SEMESTER 4\PBF\codeigniter4-framework-7d393f8\system\Database\MySQLi\Connection.php:185
Stack trace:
#0 D:\MATERI KULIAH\SEMESTER 4\PBF\codeigniter4-framework-7d393f8\system\Database\MySQLi\Connection.php(185): mysqli->real_connect('username:root', '', '', 'database', '3306', '', 0)
#1 D:\MATERI KULIAH\SEMESTER 4\PBF\codeigniter4-framework-7d393f8\system\Database\BaseConnection.php(392): CodeIgniter\Database\MySQLi\Connection->connect(false)
#2 D:\MATERI KULIAH\SEMESTER 4\PBF\codeigniter4-framework-7d393f8\system\Database\BaseConnection.php(575): CodeIgniter\Database\BaseConnection->initialize()
#3 D:\MATERI KULIAH\SEMESTER 4\PBF\codeigniter4-framework-7d393f8\system\Database\BaseBuilder.php(1616): CodeIgniter\Database\BaseConnection->query('SELECT *\nFROM `...', Array, false)
#4 D:\MATERI KULIAH\SEMESTER 4\PBF\codeigniter4-framework-7d393f8\system\Model.php(242): CodeIgniter\Database\BaseBuilder->get()
#5 D:\MATERI KULIAH\SEMESTER 4\PBF\codeigniter4-framework-7d393f8\system\BaseModel.php(638): CodeIgniter\Model->doFindAll(0, 0)
#6 D:\MATERI KULIAH\SEMESTER 4\PBF\codeigniter4-framework-7d393f8\app\Models\NewsModel.php(15): CodeIgniter\BaseModel->findAll()
#7 D:\MATERI KULIAH\SEMESTER 4\PBF\codeigniter4-framework-7d393f8\app\Controllers\News.php(15): App\Models\NewsModel->getNews()
#8 D:\MATERI KULIAH\SEMESTER 4\PBF\codeigniter4-framework-7d393f8\system\CodeIgniter.php(941): App\Controllers\News->index()
#9 D:\MATERI KULIAH\SEMESTER 4\PBF\codeigniter4-framework-7d393f8\system\CodeIgniter.php(502): CodeIgniter\CodeIgniter->runController(Object(App\Controllers\News))
#10 D:\MATERI KULIAH\SEMESTER 4\PBF\codeigniter4-framework-7d393f8\system\CodeIgniter.php(361): CodeIgniter\CodeIgniter->handleRequest(NULL, Object(Config\Cache), false)
#11 D:\MATERI KULIAH\SEMESTER 4\PBF\codeigniter4-framework-7d393f8\public\index.php(81): CodeIgniter\CodeIgniter->run()
#12 D:\MATERI KULIAH\SEMESTER 4\PBF\codeigniter4-framework-7d393f8\system\Commands\Server\rewrite.php(47): require_once('D:\\MATERI KULIA...')
#13 {main}

Next CodeIgniter\Database\Exceptions\DatabaseException: The requested address is not valid in its context in D:\MATERI KULIAH\SEMESTER 4\PBF\codeigniter4-framework-7d393f8\system\Database\MySQLi\Connection.php:229
Stack trace:
#0 D:\MATERI KULIAH\SEMESTER 4\PBF\codeigniter4-framework-7d393f8\system\Database\BaseConnection.php(392): CodeIgniter\Database\MySQLi\Connection->connect(false)
#1 D:\MATERI KULIAH\SEMESTER 4\PBF\codeigniter4-framework-7d393f8\system\Database\BaseConnection.php(575): CodeIgniter\Database\BaseConnection->initialize()
#2 D:\MATERI KULIAH\SEMESTER 4\PBF\codeigniter4-framework-7d393f8\system\Database\BaseBuilder.php(1616): CodeIgniter\Database\BaseConnection->query('SELECT *\nFROM `...', Array, false)
#3 D:\MATERI KULIAH\SEMESTER 4\PBF\codeigniter4-framework-7d393f8\system\Model.php(242): CodeIgniter\Database\BaseBuilder->get()
#4 D:\MATERI KULIAH\SEMESTER 4\PBF\codeigniter4-framework-7d393f8\system\BaseModel.php(638): CodeIgniter\Model->doFindAll(0, 0)
#5 D:\MATERI KULIAH\SEMESTER 4\PBF\codeigniter4-framework-7d393f8\app\Models\NewsModel.php(15): CodeIgniter\BaseModel->findAll()
#6 D:\MATERI KULIAH\SEMESTER 4\PBF\codeigniter4-framework-7d393f8\app\Controllers\News.php(15): App\Models\NewsModel->getNews()
#7 D:\MATERI KULIAH\SEMESTER 4\PBF\codeigniter4-framework-7d393f8\system\CodeIgniter.php(941): App\Controllers\News->index()
#8 D:\MATERI KULIAH\SEMESTER 4\PBF\codeigniter4-framework-7d393f8\system\CodeIgniter.php(502): CodeIgniter\CodeIgniter->runController(Object(App\Controllers\News))
#9 D:\MATERI KULIAH\SEMESTER 4\PBF\codeigniter4-framework-7d393f8\system\CodeIgniter.php(361): CodeIgniter\CodeIgniter->handleRequest(NULL, Object(Config\Cache), false)
#10 D:\MATERI KULIAH\SEMESTER 4\PBF\codeigniter4-framework-7d393f8\public\index.php(81): CodeIgniter\CodeIgniter->run()
#11 D:\MATERI KULIAH\SEMESTER 4\PBF\codeigniter4-framework-7d393f8\system\Commands\Server\rewrite.php(47): require_once('D:\\MATERI KULIA...')
#12 {main}
CRITICAL - 2024-03-12 06:19:42 --> CodeIgniter\Database\Exceptions\DatabaseException: Unable to connect to the database.
Main connection [MySQLi]: The requested address is not valid in its context
in SYSTEMPATH\Database\BaseConnection.php on line 428.
 1 SYSTEMPATH\Database\BaseConnection.php(575): CodeIgniter\Database\BaseConnection->initialize()
 2 SYSTEMPATH\Database\BaseBuilder.php(1616): CodeIgniter\Database\BaseConnection->query('SELECT *
FROM `news`', [], false)
 3 SYSTEMPATH\Model.php(242): CodeIgniter\Database\BaseBuilder->get()
 4 SYSTEMPATH\BaseModel.php(638): CodeIgniter\Model->doFindAll(0, 0)
 5 APPPATH\Models\NewsModel.php(15): CodeIgniter\BaseModel->findAll()
 6 APPPATH\Controllers\News.php(15): App\Models\NewsModel->getNews()
 7 SYSTEMPATH\CodeIgniter.php(941): App\Controllers\News->index()
 8 SYSTEMPATH\CodeIgniter.php(502): CodeIgniter\CodeIgniter->runController(Object(App\Controllers\News))
 9 SYSTEMPATH\CodeIgniter.php(361): CodeIgniter\CodeIgniter->handleRequest(null, Object(Config\Cache), false)
10 FCPATH\index.php(81): CodeIgniter\CodeIgniter->run()
11 SYSTEMPATH\Commands\Server\rewrite.php(47): require_once('D:\\MATERI KULIAH\\SEMESTER 4\\PBF\\codeigniter4-framework-7d393f8\\public\\index.php')
CRITICAL - 2024-03-12 10:58:20 --> Error: Class "Time" not found
in APPPATH\Views\Test.php on line 19.
 1 SYSTEMPATH\View\View.php(228): include()
 2 SYSTEMPATH\View\View.php(231): CodeIgniter\View\View->CodeIgniter\View\{closure}()
 3 SYSTEMPATH\Common.php(1178): CodeIgniter\View\View->render('Test', [], true)
 4 APPPATH\Controllers\Test.php(10): view('Test')
 5 SYSTEMPATH\CodeIgniter.php(941): App\Controllers\Test->percobaan()
 6 SYSTEMPATH\CodeIgniter.php(502): CodeIgniter\CodeIgniter->runController(Object(App\Controllers\Test))
 7 SYSTEMPATH\CodeIgniter.php(361): CodeIgniter\CodeIgniter->handleRequest(null, Object(Config\Cache), false)
 8 FCPATH\index.php(81): CodeIgniter\CodeIgniter->run()
 9 SYSTEMPATH\Commands\Server\rewrite.php(47): require_once('D:\\MATERI KULIAH\\SEMESTER 4\\PBF\\codeigniter4-framework-7d393f8\\public\\index.php')
CRITICAL - 2024-03-12 11:47:39 --> CodeIgniter\Security\Exceptions\SecurityException: The action you requested is not allowed.
in SYSTEMPATH\Security\Security.php on line 300.
 1 SYSTEMPATH\Security\Security.php(300): CodeIgniter\Security\Exceptions\SecurityException::forDisallowedAction()
 2 SYSTEMPATH\Filters\CSRF.php(56): CodeIgniter\Security\Security->verify(Object(CodeIgniter\HTTP\IncomingRequest))
 3 SYSTEMPATH\Filters\Filters.php(184): CodeIgniter\Filters\CSRF->before(Object(CodeIgniter\HTTP\IncomingRequest), null)
 4 SYSTEMPATH\CodeIgniter.php(474): CodeIgniter\Filters\Filters->run('upload/upload', 'before')
 5 SYSTEMPATH\CodeIgniter.php(361): CodeIgniter\CodeIgniter->handleRequest(null, Object(Config\Cache), false)
 6 FCPATH\index.php(81): CodeIgniter\CodeIgniter->run()
 7 SYSTEMPATH\Commands\Server\rewrite.php(47): require_once('D:\\MATERI KULIAH\\SEMESTER 4\\PBF\\codeigniter4-framework-7d393f8\\public\\index.php')
CRITICAL - 2024-03-12 11:48:15 --> CodeIgniter\Security\Exceptions\SecurityException: The action you requested is not allowed.
in SYSTEMPATH\Security\Security.php on line 300.
 1 SYSTEMPATH\Security\Security.php(300): CodeIgniter\Security\Exceptions\SecurityException::forDisallowedAction()
 2 SYSTEMPATH\Filters\CSRF.php(56): CodeIgniter\Security\Security->verify(Object(CodeIgniter\HTTP\IncomingRequest))
 3 SYSTEMPATH\Filters\Filters.php(184): CodeIgniter\Filters\CSRF->before(Object(CodeIgniter\HTTP\IncomingRequest), null)
 4 SYSTEMPATH\CodeIgniter.php(474): CodeIgniter\Filters\Filters->run('upload/upload', 'before')
 5 SYSTEMPATH\CodeIgniter.php(361): CodeIgniter\CodeIgniter->handleRequest(null, Object(Config\Cache), false)
 6 FCPATH\index.php(81): CodeIgniter\CodeIgniter->run()
 7 SYSTEMPATH\Commands\Server\rewrite.php(47): require_once('D:\\MATERI KULIAH\\SEMESTER 4\\PBF\\codeigniter4-framework-7d393f8\\public\\index.php')
CRITICAL - 2024-03-12 11:51:11 --> CodeIgniter\Security\Exceptions\SecurityException: The action you requested is not allowed.
in SYSTEMPATH\Security\Security.php on line 300.
 1 SYSTEMPATH\Security\Security.php(300): CodeIgniter\Security\Exceptions\SecurityException::forDisallowedAction()
 2 SYSTEMPATH\Filters\CSRF.php(56): CodeIgniter\Security\Security->verify(Object(CodeIgniter\HTTP\IncomingRequest))
 3 SYSTEMPATH\Filters\Filters.php(184): CodeIgniter\Filters\CSRF->before(Object(CodeIgniter\HTTP\IncomingRequest), null)
 4 SYSTEMPATH\CodeIgniter.php(474): CodeIgniter\Filters\Filters->run('upload/upload', 'before')
 5 SYSTEMPATH\CodeIgniter.php(361): CodeIgniter\CodeIgniter->handleRequest(null, Object(Config\Cache), false)
 6 FCPATH\index.php(81): CodeIgniter\CodeIgniter->run()
 7 SYSTEMPATH\Commands\Server\rewrite.php(47): require_once('D:\\MATERI KULIAH\\SEMESTER 4\\PBF\\codeigniter4-framework-7d393f8\\public\\index.php')
CRITICAL - 2024-03-12 12:04:03 --> CodeIgniter\View\Exceptions\ViewException: Invalid file: "home.php"
in SYSTEMPATH\Exceptions\FrameworkException.php on line 39.
 1 SYSTEMPATH\View\View.php(216): CodeIgniter\Exceptions\FrameworkException::forInvalidFile('home.php')
 2 SYSTEMPATH\Common.php(1178): CodeIgniter\View\View->render('home', [], true)
 3 APPPATH\Controllers\Test.php(27): view('home', [...])
 4 SYSTEMPATH\CodeIgniter.php(941): App\Controllers\Test->percobaan()
 5 SYSTEMPATH\CodeIgniter.php(502): CodeIgniter\CodeIgniter->runController(Object(App\Controllers\Test))
 6 SYSTEMPATH\CodeIgniter.php(361): CodeIgniter\CodeIgniter->handleRequest(null, Object(Config\Cache), false)
 7 FCPATH\index.php(81): CodeIgniter\CodeIgniter->run()
 8 SYSTEMPATH\Commands\Server\rewrite.php(47): require_once('D:\\MATERI KULIAH\\SEMESTER 4\\PBF\\codeigniter4-framework-7d393f8\\public\\index.php')
CRITICAL - 2024-03-12 13:46:01 --> Exception: Failed to parse time string (parse) at position 0 (p): The timezone could not be found in the database
in SYSTEMPATH\I18n\TimeTrait.php on line 101.
 1 SYSTEMPATH\I18n\TimeTrait.php(101): DateTimeImmutable->__construct('parse', Object(DateTimeZone))
 2 APPPATH\Controllers\Test.php(13): CodeIgniter\I18n\Time->__construct('parse')
 3 SYSTEMPATH\CodeIgniter.php(941): App\Controllers\Test->percobaan()
 4 SYSTEMPATH\CodeIgniter.php(502): CodeIgniter\CodeIgniter->runController(Object(App\Controllers\Test))
 5 SYSTEMPATH\CodeIgniter.php(361): CodeIgniter\CodeIgniter->handleRequest(null, Object(Config\Cache), false)
 6 FCPATH\index.php(81): CodeIgniter\CodeIgniter->run()
 7 SYSTEMPATH\Commands\Server\rewrite.php(47): require_once('D:\\MATERI KULIAH\\SEMESTER 4\\PBF\\codeigniter4-framework-7d393f8\\public\\index.php')
CRITICAL - 2024-03-12 13:57:42 --> Error: Call to undefined method CodeIgniter\I18n\Time::arse()
in APPPATH\Controllers\Test.php on line 13.
 1 SYSTEMPATH\CodeIgniter.php(941): App\Controllers\Test->percobaan()
 2 SYSTEMPATH\CodeIgniter.php(502): CodeIgniter\CodeIgniter->runController(Object(App\Controllers\Test))
 3 SYSTEMPATH\CodeIgniter.php(361): CodeIgniter\CodeIgniter->handleRequest(null, Object(Config\Cache), false)
 4 FCPATH\index.php(81): CodeIgniter\CodeIgniter->run()
 5 SYSTEMPATH\Commands\Server\rewrite.php(47): require_once('D:\\MATERI KULIAH\\SEMESTER 4\\PBF\\codeigniter4-framework-7d393f8\\public\\index.php')
INFO - 2024-03-12 14:24:15 --> Session: Class initialized using 'CodeIgniter\Session\Handlers\FileHandler' driver.
CRITICAL - 2024-03-12 14:24:54 --> CodeIgniter\Security\Exceptions\SecurityException: The action you requested is not allowed.
in SYSTEMPATH\Security\Security.php on line 300.
 1 SYSTEMPATH\Security\Security.php(300): CodeIgniter\Security\Exceptions\SecurityException::forDisallowedAction()
 2 SYSTEMPATH\Filters\CSRF.php(56): CodeIgniter\Security\Security->verify(Object(CodeIgniter\HTTP\IncomingRequest))
 3 SYSTEMPATH\Filters\Filters.php(184): CodeIgniter\Filters\CSRF->before(Object(CodeIgniter\HTTP\IncomingRequest), null)
 4 SYSTEMPATH\CodeIgniter.php(474): CodeIgniter\Filters\Filters->run('form', 'before')
 5 SYSTEMPATH\CodeIgniter.php(361): CodeIgniter\CodeIgniter->handleRequest(null, Object(Config\Cache), false)
 6 FCPATH\index.php(81): CodeIgniter\CodeIgniter->run()
 7 SYSTEMPATH\Commands\Server\rewrite.php(47): require_once('D:\\MATERI KULIAH\\SEMESTER 4\\PBF\\codeigniter4-framework-7d393f8\\public\\index.php')
INFO - 2024-03-12 14:24:59 --> Session: Class initialized using 'CodeIgniter\Session\Handlers\FileHandler' driver.
INFO - 2024-03-12 14:26:51 --> Session: Class initialized using 'CodeIgniter\Session\Handlers\FileHandler' driver.
CRITICAL - 2024-03-12 14:26:59 --> CodeIgniter\Security\Exceptions\SecurityException: The action you requested is not allowed.
in SYSTEMPATH\Security\Security.php on line 300.
 1 SYSTEMPATH\Security\Security.php(300): CodeIgniter\Security\Exceptions\SecurityException::forDisallowedAction()
 2 SYSTEMPATH\Filters\CSRF.php(56): CodeIgniter\Security\Security->verify(Object(CodeIgniter\HTTP\IncomingRequest))
 3 SYSTEMPATH\Filters\Filters.php(184): CodeIgniter\Filters\CSRF->before(Object(CodeIgniter\HTTP\IncomingRequest), null)
 4 SYSTEMPATH\CodeIgniter.php(474): CodeIgniter\Filters\Filters->run('form', 'before')
 5 SYSTEMPATH\CodeIgniter.php(361): CodeIgniter\CodeIgniter->handleRequest(null, Object(Config\Cache), false)
 6 FCPATH\index.php(81): CodeIgniter\CodeIgniter->run()
 7 SYSTEMPATH\Commands\Server\rewrite.php(47): require_once('D:\\MATERI KULIAH\\SEMESTER 4\\PBF\\codeigniter4-framework-7d393f8\\public\\index.php')
INFO - 2024-03-12 14:27:01 --> Session: Class initialized using 'CodeIgniter\Session\Handlers\FileHandler' driver.
INFO - 2024-03-12 14:28:34 --> Session: Class initialized using 'CodeIgniter\Session\Handlers\FileHandler' driver.
CRITICAL - 2024-03-12 14:28:43 --> CodeIgniter\Security\Exceptions\SecurityException: The action you requested is not allowed.
in SYSTEMPATH\Security\Security.php on line 300.
 1 SYSTEMPATH\Security\Security.php(300): CodeIgniter\Security\Exceptions\SecurityException::forDisallowedAction()
 2 SYSTEMPATH\Filters\CSRF.php(56): CodeIgniter\Security\Security->verify(Object(CodeIgniter\HTTP\IncomingRequest))
 3 SYSTEMPATH\Filters\Filters.php(184): CodeIgniter\Filters\CSRF->before(Object(CodeIgniter\HTTP\IncomingRequest), null)
 4 SYSTEMPATH\CodeIgniter.php(474): CodeIgniter\Filters\Filters->run('form', 'before')
 5 SYSTEMPATH\CodeIgniter.php(361): CodeIgniter\CodeIgniter->handleRequest(null, Object(Config\Cache), false)
 6 FCPATH\index.php(81): CodeIgniter\CodeIgniter->run()
 7 SYSTEMPATH\Commands\Server\rewrite.php(47): require_once('D:\\MATERI KULIAH\\SEMESTER 4\\PBF\\codeigniter4-framework-7d393f8\\public\\index.php')
INFO - 2024-03-12 14:28:44 --> Session: Class initialized using 'CodeIgniter\Session\Handlers\FileHandler' driver.
INFO - 2024-03-12 14:29:37 --> Session: Class initialized using 'CodeIgniter\Session\Handlers\FileHandler' driver.
CRITICAL - 2024-03-12 14:29:43 --> CodeIgniter\Security\Exceptions\SecurityException: The action you requested is not allowed.
in SYSTEMPATH\Security\Security.php on line 300.
 1 SYSTEMPATH\Security\Security.php(300): CodeIgniter\Security\Exceptions\SecurityException::forDisallowedAction()
 2 SYSTEMPATH\Filters\CSRF.php(56): CodeIgniter\Security\Security->verify(Object(CodeIgniter\HTTP\IncomingRequest))
 3 SYSTEMPATH\Filters\Filters.php(184): CodeIgniter\Filters\CSRF->before(Object(CodeIgniter\HTTP\IncomingRequest), null)
 4 SYSTEMPATH\CodeIgniter.php(474): CodeIgniter\Filters\Filters->run('form', 'before')
 5 SYSTEMPATH\CodeIgniter.php(361): CodeIgniter\CodeIgniter->handleRequest(null, Object(Config\Cache), false)
 6 FCPATH\index.php(81): CodeIgniter\CodeIgniter->run()
 7 SYSTEMPATH\Commands\Server\rewrite.php(47): require_once('D:\\MATERI KULIAH\\SEMESTER 4\\PBF\\codeigniter4-framework-7d393f8\\public\\index.php')
INFO - 2024-03-12 14:29:45 --> Session: Class initialized using 'CodeIgniter\Session\Handlers\FileHandler' driver.
CRITICAL - 2024-03-12 14:35:56 --> CodeIgniter\View\Exceptions\ViewException: Unable to locate view cell class: "App\Cells\MyClass".
in SYSTEMPATH\View\Cell.php on line 187.
 1 SYSTEMPATH\View\Cell.php(187): CodeIgniter\View\Exceptions\ViewException::forInvalidCellClass('App\\Cells\\MyClass')
 2 SYSTEMPATH\View\Cell.php(78): CodeIgniter\View\Cell->determineClass('App\\Cells\\MyClass:myMethod')
 3 SYSTEMPATH\Common.php(1194): CodeIgniter\View\Cell->render('App\\Cells\\MyClass::myMethod', [...], 0, null)
 4 APPPATH\Views\Test.php(34): view_cell('App\\Cells\\MyClass::myMethod', [...])
 5 SYSTEMPATH\View\View.php(228): include('D:\\MATERI KULIAH\\SEMESTER 4\\PBF\\codeigniter4-framework-7d393f8\\app\\Views\\Test.php')
 6 SYSTEMPATH\View\View.php(231): CodeIgniter\View\View->CodeIgniter\View\{closure}()
 7 SYSTEMPATH\Common.php(1178): CodeIgniter\View\View->render('test', [], true)
 8 APPPATH\Controllers\Test.php(26): view('test', [...])
 9 SYSTEMPATH\CodeIgniter.php(941): App\Controllers\Test->percobaan()
10 SYSTEMPATH\CodeIgniter.php(502): CodeIgniter\CodeIgniter->runController(Object(App\Controllers\Test))
11 SYSTEMPATH\CodeIgniter.php(361): CodeIgniter\CodeIgniter->handleRequest(null, Object(Config\Cache), false)
12 FCPATH\index.php(81): CodeIgniter\CodeIgniter->run()
13 SYSTEMPATH\Commands\Server\rewrite.php(47): require_once('D:\\MATERI KULIAH\\SEMESTER 4\\PBF\\codeigniter4-framework-7d393f8\\public\\index.php')
CRITICAL - 2024-03-12 14:36:44 --> CodeIgniter\View\Exceptions\ViewException: Unable to locate view cell class: "App\Cells\MyClass".
in SYSTEMPATH\View\Cell.php on line 187.
 1 SYSTEMPATH\View\Cell.php(187): CodeIgniter\View\Exceptions\ViewException::forInvalidCellClass('App\\Cells\\MyClass')
 2 SYSTEMPATH\View\Cell.php(78): CodeIgniter\View\Cell->determineClass('App\\Cells\\MyClass:myMethod')
 3 SYSTEMPATH\Common.php(1194): CodeIgniter\View\Cell->render('App\\Cells\\MyClass::myMethod', [...], 0, null)
 4 APPPATH\Views\Test.php(34): view_cell('App\\Cells\\MyClass::myMethod', [...])
 5 SYSTEMPATH\View\View.php(228): include('D:\\MATERI KULIAH\\SEMESTER 4\\PBF\\codeigniter4-framework-7d393f8\\app\\Views\\Test.php')
 6 SYSTEMPATH\View\View.php(231): CodeIgniter\View\View->CodeIgniter\View\{closure}()
 7 SYSTEMPATH\Common.php(1178): CodeIgniter\View\View->render('test', [], true)
 8 APPPATH\Controllers\Test.php(26): view('test', [...])
 9 SYSTEMPATH\CodeIgniter.php(941): App\Controllers\Test->percobaan()
10 SYSTEMPATH\CodeIgniter.php(502): CodeIgniter\CodeIgniter->runController(Object(App\Controllers\Test))
11 SYSTEMPATH\CodeIgniter.php(361): CodeIgniter\CodeIgniter->handleRequest(null, Object(Config\Cache), false)
12 FCPATH\index.php(81): CodeIgniter\CodeIgniter->run()
13 SYSTEMPATH\Commands\Server\rewrite.php(47): require_once('D:\\MATERI KULIAH\\SEMESTER 4\\PBF\\codeigniter4-framework-7d393f8\\public\\index.php')
CRITICAL - 2024-03-12 14:36:46 --> CodeIgniter\View\Exceptions\ViewException: Unable to locate view cell class: "App\Cells\MyClass".
in SYSTEMPATH\View\Cell.php on line 187.
 1 SYSTEMPATH\View\Cell.php(187): CodeIgniter\View\Exceptions\ViewException::forInvalidCellClass('App\\Cells\\MyClass')
 2 SYSTEMPATH\View\Cell.php(78): CodeIgniter\View\Cell->determineClass('App\\Cells\\MyClass:myMethod')
 3 SYSTEMPATH\Common.php(1194): CodeIgniter\View\Cell->render('App\\Cells\\MyClass::myMethod', [...], 0, null)
 4 APPPATH\Views\Test.php(34): view_cell('App\\Cells\\MyClass::myMethod', [...])
 5 SYSTEMPATH\View\View.php(228): include('D:\\MATERI KULIAH\\SEMESTER 4\\PBF\\codeigniter4-framework-7d393f8\\app\\Views\\Test.php')
 6 SYSTEMPATH\View\View.php(231): CodeIgniter\View\View->CodeIgniter\View\{closure}()
 7 SYSTEMPATH\Common.php(1178): CodeIgniter\View\View->render('test', [], true)
 8 APPPATH\Controllers\Test.php(26): view('test', [...])
 9 SYSTEMPATH\CodeIgniter.php(941): App\Controllers\Test->percobaan()
10 SYSTEMPATH\CodeIgniter.php(502): CodeIgniter\CodeIgniter->runController(Object(App\Controllers\Test))
11 SYSTEMPATH\CodeIgniter.php(361): CodeIgniter\CodeIgniter->handleRequest(null, Object(Config\Cache), false)
12 FCPATH\index.php(81): CodeIgniter\CodeIgniter->run()
13 SYSTEMPATH\Commands\Server\rewrite.php(47): require_once('D:\\MATERI KULIAH\\SEMESTER 4\\PBF\\codeigniter4-framework-7d393f8\\public\\index.php')
CRITICAL - 2024-03-12 14:37:00 --> CodeIgniter\View\Exceptions\ViewException: Unable to locate view cell class: "App\Cells\MyClass".
in SYSTEMPATH\View\Cell.php on line 187.
 1 SYSTEMPATH\View\Cell.php(187): CodeIgniter\View\Exceptions\ViewException::forInvalidCellClass('App\\Cells\\MyClass')
 2 SYSTEMPATH\View\Cell.php(78): CodeIgniter\View\Cell->determineClass('App\\Cells\\MyClass:myMethod')
 3 SYSTEMPATH\Common.php(1194): CodeIgniter\View\Cell->render('App\\Cells\\MyClass::myMethod', [...], 0, null)
 4 APPPATH\Cells\MyClass.php(1): view_cell('App\\Cells\\MyClass::myMethod', [...])
 5 SYSTEMPATH\Autoloader\Autoloader.php(311): include_once('D:\\MATERI KULIAH\\SEMESTER 4\\PBF\\codeigniter4-framework-7d393f8\\app\\Cells\\MyClass.php')
 6 SYSTEMPATH\Autoloader\Autoloader.php(290): CodeIgniter\Autoloader\Autoloader->includeFile('D:\\MATERI KULIAH\\SEMESTER 4\\PBF\\codeigniter4-framework-7d393f8\\app\\Cells\\MyClass.php')
 7 SYSTEMPATH\Autoloader\Autoloader.php(266): CodeIgniter\Autoloader\Autoloader->loadInNamespace('App\\Cells\\MyClass')
 8 [internal function]: CodeIgniter\Autoloader\Autoloader->loadClass('App\\Cells\\MyClass')
 9 SYSTEMPATH\Config\Factories.php(280): class_exists('App\\Cells\\MyClass')
10 SYSTEMPATH\Config\Factories.php(149): CodeIgniter\Config\Factories::locateClass([...], 'App\\Cells\\MyClass')
11 SYSTEMPATH\View\Cell.php(184): CodeIgniter\Config\Factories::__callStatic('cells', [])
12 SYSTEMPATH\View\Cell.php(78): CodeIgniter\View\Cell->determineClass('App\\Cells\\MyClass:myMethod')
13 SYSTEMPATH\Common.php(1194): CodeIgniter\View\Cell->render('App\\Cells\\MyClass::myMethod', [...], 0, null)
14 APPPATH\Views\Test.php(34): view_cell('App\\Cells\\MyClass::myMethod', [...])
15 SYSTEMPATH\View\View.php(228): include('D:\\MATERI KULIAH\\SEMESTER 4\\PBF\\codeigniter4-framework-7d393f8\\app\\Views\\Test.php')
16 SYSTEMPATH\View\View.php(231): CodeIgniter\View\View->CodeIgniter\View\{closure}()
17 SYSTEMPATH\Common.php(1178): CodeIgniter\View\View->render('test', [], true)
18 APPPATH\Controllers\Test.php(26): view('test', [...])
19 SYSTEMPATH\CodeIgniter.php(941): App\Controllers\Test->percobaan()
20 SYSTEMPATH\CodeIgniter.php(502): CodeIgniter\CodeIgniter->runController(Object(App\Controllers\Test))
21 SYSTEMPATH\CodeIgniter.php(361): CodeIgniter\CodeIgniter->handleRequest(null, Object(Config\Cache), false)
22 FCPATH\index.php(81): CodeIgniter\CodeIgniter->run()
23 SYSTEMPATH\Commands\Server\rewrite.php(47): require_once('D:\\MATERI KULIAH\\SEMESTER 4\\PBF\\codeigniter4-framework-7d393f8\\public\\index.php')
CRITICAL - 2024-03-12 14:54:07 --> ErrorException: Undefined variable $date
in APPPATH\Views\Test.php on line 31.
 1 APPPATH\Views\Test.php(31): CodeIgniter\Debug\Exceptions->errorHandler(2, 'Undefined variable $date', 'D:\\MATERI KULIAH\\SEMESTER 4\\PBF\\codeigniter4-framework-7d393f8\\app\\Views\\Test.php', 31)
 2 SYSTEMPATH\View\View.php(228): include('D:\\MATERI KULIAH\\SEMESTER 4\\PBF\\codeigniter4-framework-7d393f8\\app\\Views\\Test.php')
 3 SYSTEMPATH\View\View.php(231): CodeIgniter\View\View->CodeIgniter\View\{closure}()
 4 SYSTEMPATH\Common.php(1178): CodeIgniter\View\View->render('test', [], true)
 5 APPPATH\Controllers\Test.php(12): view('test')
 6 SYSTEMPATH\CodeIgniter.php(941): App\Controllers\Test->percobaan()
 7 SYSTEMPATH\CodeIgniter.php(502): CodeIgniter\CodeIgniter->runController(Object(App\Controllers\Test))
 8 SYSTEMPATH\CodeIgniter.php(361): CodeIgniter\CodeIgniter->handleRequest(null, Object(Config\Cache), false)
 9 FCPATH\index.php(81): CodeIgniter\CodeIgniter->run()
10 SYSTEMPATH\Commands\Server\rewrite.php(47): require_once('D:\\MATERI KULIAH\\SEMESTER 4\\PBF\\codeigniter4-framework-7d393f8\\public\\index.php')
CRITICAL - 2024-03-12 15:02:17 --> ErrorException: Undefined variable $date
in APPPATH\Views\Test.php on line 33.
 1 APPPATH\Views\Test.php(33): CodeIgniter\Debug\Exceptions->errorHandler(2, 'Undefined variable $date', 'D:\\MATERI KULIAH\\SEMESTER 4\\PBF\\codeigniter4-framework-7d393f8\\app\\Views\\Test.php', 33)
 2 SYSTEMPATH\View\View.php(228): include('D:\\MATERI KULIAH\\SEMESTER 4\\PBF\\codeigniter4-framework-7d393f8\\app\\Views\\Test.php')
 3 SYSTEMPATH\View\View.php(231): CodeIgniter\View\View->CodeIgniter\View\{closure}()
 4 SYSTEMPATH\Common.php(1178): CodeIgniter\View\View->render('test', [], true)
 5 APPPATH\Controllers\Test.php(12): view('test')
 6 SYSTEMPATH\CodeIgniter.php(941): App\Controllers\Test->percobaan()
 7 SYSTEMPATH\CodeIgniter.php(502): CodeIgniter\CodeIgniter->runController(Object(App\Controllers\Test))
 8 SYSTEMPATH\CodeIgniter.php(361): CodeIgniter\CodeIgniter->handleRequest(null, Object(Config\Cache), false)
 9 FCPATH\index.php(81): CodeIgniter\CodeIgniter->run()
10 SYSTEMPATH\Commands\Server\rewrite.php(47): require_once('D:\\MATERI KULIAH\\SEMESTER 4\\PBF\\codeigniter4-framework-7d393f8\\public\\index.php')
