INFO - 2024-03-11 02:46:32 --> Session: Class initialized using 'CodeIgniter\Session\Handlers\FileHandler' driver.
ERROR - 2024-03-11 02:46:49 --> Error connecting to the database: mysqli_sql_exception: No connection could be made because the target machine actively refused it in D:\MATERI KULIAH\SEMESTER 4\PBF\codeigniter4-framework-7d393f8\system\Database\MySQLi\Connection.php:185
Stack trace:
#0 D:\MATERI KULIAH\SEMESTER 4\PBF\codeigniter4-framework-7d393f8\system\Database\MySQLi\Connection.php(185): mysqli->real_connect('localhost', 'root', '', 'ci4tutorial', 3306, '', 0)
#1 D:\MATERI KULIAH\SEMESTER 4\PBF\codeigniter4-framework-7d393f8\system\Database\BaseConnection.php(392): CodeIgniter\Database\MySQLi\Connection->connect(false)
#2 D:\MATERI KULIAH\SEMESTER 4\PBF\codeigniter4-framework-7d393f8\system\Database\BaseConnection.php(575): CodeIgniter\Database\BaseConnection->initialize()
#3 D:\MATERI KULIAH\SEMESTER 4\PBF\codeigniter4-framework-7d393f8\system\Database\BaseBuilder.php(1616): CodeIgniter\Database\BaseConnection->query('SELECT *\nFROM `...', Array, false)
#4 D:\MATERI KULIAH\SEMESTER 4\PBF\codeigniter4-framework-7d393f8\system\Model.php(242): CodeIgniter\Database\BaseBuilder->get()
#5 D:\MATERI KULIAH\SEMESTER 4\PBF\codeigniter4-framework-7d393f8\system\BaseModel.php(638): CodeIgniter\Model->doFindAll(0, 0)
#6 D:\MATERI KULIAH\SEMESTER 4\PBF\codeigniter4-framework-7d393f8\app\Models\NewsModel.php(15): CodeIgniter\BaseModel->findAll()
#7 D:\MATERI KULIAH\SEMESTER 4\PBF\codeigniter4-framework-7d393f8\app\Controllers\News.php(15): App\Models\NewsModel->getNews()
#8 D:\MATERI KULIAH\SEMESTER 4\PBF\codeigniter4-framework-7d393f8\system\CodeIgniter.php(941): App\Controllers\News->index()
#9 D:\MATERI KULIAH\SEMESTER 4\PBF\codeigniter4-framework-7d393f8\system\CodeIgniter.php(502): CodeIgniter\CodeIgniter->runController(Object(App\Controllers\News))
#10 D:\MATERI KULIAH\SEMESTER 4\PBF\codeigniter4-framework-7d393f8\system\CodeIgniter.php(361): CodeIgniter\CodeIgniter->handleRequest(NULL, Object(Config\Cache), false)
#11 D:\MATERI KULIAH\SEMESTER 4\PBF\codeigniter4-framework-7d393f8\public\index.php(81): CodeIgniter\CodeIgniter->run()
#12 D:\MATERI KULIAH\SEMESTER 4\PBF\codeigniter4-framework-7d393f8\system\Commands\Server\rewrite.php(47): require_once('D:\\MATERI KULIA...')
#13 {main}

Next CodeIgniter\Database\Exceptions\DatabaseException: No connection could be made because the target machine actively refused it in D:\MATERI KULIAH\SEMESTER 4\PBF\codeigniter4-framework-7d393f8\system\Database\MySQLi\Connection.php:229
Stack trace:
#0 D:\MATERI KULIAH\SEMESTER 4\PBF\codeigniter4-framework-7d393f8\system\Database\BaseConnection.php(392): CodeIgniter\Database\MySQLi\Connection->connect(false)
#1 D:\MATERI KULIAH\SEMESTER 4\PBF\codeigniter4-framework-7d393f8\system\Database\BaseConnection.php(575): CodeIgniter\Database\BaseConnection->initialize()
#2 D:\MATERI KULIAH\SEMESTER 4\PBF\codeigniter4-framework-7d393f8\system\Database\BaseBuilder.php(1616): CodeIgniter\Database\BaseConnection->query('SELECT *\nFROM `...', Array, false)
#3 D:\MATERI KULIAH\SEMESTER 4\PBF\codeigniter4-framework-7d393f8\system\Model.php(242): CodeIgniter\Database\BaseBuilder->get()
#4 D:\MATERI KULIAH\SEMESTER 4\PBF\codeigniter4-framework-7d393f8\system\BaseModel.php(638): CodeIgniter\Model->doFindAll(0, 0)
#5 D:\MATERI KULIAH\SEMESTER 4\PBF\codeigniter4-framework-7d393f8\app\Models\NewsModel.php(15): CodeIgniter\BaseModel->findAll()
#6 D:\MATERI KULIAH\SEMESTER 4\PBF\codeigniter4-framework-7d393f8\app\Controllers\News.php(15): App\Models\NewsModel->getNews()
#7 D:\MATERI KULIAH\SEMESTER 4\PBF\codeigniter4-framework-7d393f8\system\CodeIgniter.php(941): App\Controllers\News->index()
#8 D:\MATERI KULIAH\SEMESTER 4\PBF\codeigniter4-framework-7d393f8\system\CodeIgniter.php(502): CodeIgniter\CodeIgniter->runController(Object(App\Controllers\News))
#9 D:\MATERI KULIAH\SEMESTER 4\PBF\codeigniter4-framework-7d393f8\system\CodeIgniter.php(361): CodeIgniter\CodeIgniter->handleRequest(NULL, Object(Config\Cache), false)
#10 D:\MATERI KULIAH\SEMESTER 4\PBF\codeigniter4-framework-7d393f8\public\index.php(81): CodeIgniter\CodeIgniter->run()
#11 D:\MATERI KULIAH\SEMESTER 4\PBF\codeigniter4-framework-7d393f8\system\Commands\Server\rewrite.php(47): require_once('D:\\MATERI KULIA...')
#12 {main}
CRITICAL - 2024-03-11 02:46:49 --> CodeIgniter\Database\Exceptions\DatabaseException: Unable to connect to the database.
Main connection [MySQLi]: No connection could be made because the target machine actively refused it
in SYSTEMPATH\Database\BaseConnection.php on line 428.
 1 SYSTEMPATH\Database\BaseConnection.php(575): CodeIgniter\Database\BaseConnection->initialize()
 2 SYSTEMPATH\Database\BaseBuilder.php(1616): CodeIgniter\Database\BaseConnection->query('SELECT *
FROM `news`', [], false)
 3 SYSTEMPATH\Model.php(242): CodeIgniter\Database\BaseBuilder->get()
 4 SYSTEMPATH\BaseModel.php(638): CodeIgniter\Model->doFindAll(0, 0)
 5 APPPATH\Models\NewsModel.php(15): CodeIgniter\BaseModel->findAll()
 6 APPPATH\Controllers\News.php(15): App\Models\NewsModel->getNews()
 7 SYSTEMPATH\CodeIgniter.php(941): App\Controllers\News->index()
 8 SYSTEMPATH\CodeIgniter.php(502): CodeIgniter\CodeIgniter->runController(Object(App\Controllers\News))
 9 SYSTEMPATH\CodeIgniter.php(361): CodeIgniter\CodeIgniter->handleRequest(null, Object(Config\Cache), false)
10 FCPATH\index.php(81): CodeIgniter\CodeIgniter->run()
11 SYSTEMPATH\Commands\Server\rewrite.php(47): require_once('D:\\MATERI KULIAH\\SEMESTER 4\\PBF\\codeigniter4-framework-7d393f8\\public\\index.php')
ERROR - 2024-03-11 02:47:10 --> Error connecting to the database: mysqli_sql_exception: No connection could be made because the target machine actively refused it in D:\MATERI KULIAH\SEMESTER 4\PBF\codeigniter4-framework-7d393f8\system\Database\MySQLi\Connection.php:185
Stack trace:
#0 D:\MATERI KULIAH\SEMESTER 4\PBF\codeigniter4-framework-7d393f8\system\Database\MySQLi\Connection.php(185): mysqli->real_connect('localhost', 'root', '', 'ci4tutorial', 3306, '', 0)
#1 D:\MATERI KULIAH\SEMESTER 4\PBF\codeigniter4-framework-7d393f8\system\Database\BaseConnection.php(392): CodeIgniter\Database\MySQLi\Connection->connect(false)
#2 D:\MATERI KULIAH\SEMESTER 4\PBF\codeigniter4-framework-7d393f8\system\Database\BaseConnection.php(575): CodeIgniter\Database\BaseConnection->initialize()
#3 D:\MATERI KULIAH\SEMESTER 4\PBF\codeigniter4-framework-7d393f8\system\Database\BaseBuilder.php(1616): CodeIgniter\Database\BaseConnection->query('SELECT *\nFROM `...', Array, false)
#4 D:\MATERI KULIAH\SEMESTER 4\PBF\codeigniter4-framework-7d393f8\system\Model.php(242): CodeIgniter\Database\BaseBuilder->get()
#5 D:\MATERI KULIAH\SEMESTER 4\PBF\codeigniter4-framework-7d393f8\system\BaseModel.php(638): CodeIgniter\Model->doFindAll(0, 0)
#6 D:\MATERI KULIAH\SEMESTER 4\PBF\codeigniter4-framework-7d393f8\app\Models\NewsModel.php(15): CodeIgniter\BaseModel->findAll()
#7 D:\MATERI KULIAH\SEMESTER 4\PBF\codeigniter4-framework-7d393f8\app\Controllers\News.php(15): App\Models\NewsModel->getNews()
#8 D:\MATERI KULIAH\SEMESTER 4\PBF\codeigniter4-framework-7d393f8\system\CodeIgniter.php(941): App\Controllers\News->index()
#9 D:\MATERI KULIAH\SEMESTER 4\PBF\codeigniter4-framework-7d393f8\system\CodeIgniter.php(502): CodeIgniter\CodeIgniter->runController(Object(App\Controllers\News))
#10 D:\MATERI KULIAH\SEMESTER 4\PBF\codeigniter4-framework-7d393f8\system\CodeIgniter.php(361): CodeIgniter\CodeIgniter->handleRequest(NULL, Object(Config\Cache), false)
#11 D:\MATERI KULIAH\SEMESTER 4\PBF\codeigniter4-framework-7d393f8\public\index.php(81): CodeIgniter\CodeIgniter->run()
#12 D:\MATERI KULIAH\SEMESTER 4\PBF\codeigniter4-framework-7d393f8\system\Commands\Server\rewrite.php(47): require_once('D:\\MATERI KULIA...')
#13 {main}

Next CodeIgniter\Database\Exceptions\DatabaseException: No connection could be made because the target machine actively refused it in D:\MATERI KULIAH\SEMESTER 4\PBF\codeigniter4-framework-7d393f8\system\Database\MySQLi\Connection.php:229
Stack trace:
#0 D:\MATERI KULIAH\SEMESTER 4\PBF\codeigniter4-framework-7d393f8\system\Database\BaseConnection.php(392): CodeIgniter\Database\MySQLi\Connection->connect(false)
#1 D:\MATERI KULIAH\SEMESTER 4\PBF\codeigniter4-framework-7d393f8\system\Database\BaseConnection.php(575): CodeIgniter\Database\BaseConnection->initialize()
#2 D:\MATERI KULIAH\SEMESTER 4\PBF\codeigniter4-framework-7d393f8\system\Database\BaseBuilder.php(1616): CodeIgniter\Database\BaseConnection->query('SELECT *\nFROM `...', Array, false)
#3 D:\MATERI KULIAH\SEMESTER 4\PBF\codeigniter4-framework-7d393f8\system\Model.php(242): CodeIgniter\Database\BaseBuilder->get()
#4 D:\MATERI KULIAH\SEMESTER 4\PBF\codeigniter4-framework-7d393f8\system\BaseModel.php(638): CodeIgniter\Model->doFindAll(0, 0)
#5 D:\MATERI KULIAH\SEMESTER 4\PBF\codeigniter4-framework-7d393f8\app\Models\NewsModel.php(15): CodeIgniter\BaseModel->findAll()
#6 D:\MATERI KULIAH\SEMESTER 4\PBF\codeigniter4-framework-7d393f8\app\Controllers\News.php(15): App\Models\NewsModel->getNews()
#7 D:\MATERI KULIAH\SEMESTER 4\PBF\codeigniter4-framework-7d393f8\system\CodeIgniter.php(941): App\Controllers\News->index()
#8 D:\MATERI KULIAH\SEMESTER 4\PBF\codeigniter4-framework-7d393f8\system\CodeIgniter.php(502): CodeIgniter\CodeIgniter->runController(Object(App\Controllers\News))
#9 D:\MATERI KULIAH\SEMESTER 4\PBF\codeigniter4-framework-7d393f8\system\CodeIgniter.php(361): CodeIgniter\CodeIgniter->handleRequest(NULL, Object(Config\Cache), false)
#10 D:\MATERI KULIAH\SEMESTER 4\PBF\codeigniter4-framework-7d393f8\public\index.php(81): CodeIgniter\CodeIgniter->run()
#11 D:\MATERI KULIAH\SEMESTER 4\PBF\codeigniter4-framework-7d393f8\system\Commands\Server\rewrite.php(47): require_once('D:\\MATERI KULIA...')
#12 {main}
CRITICAL - 2024-03-11 02:47:10 --> CodeIgniter\Database\Exceptions\DatabaseException: Unable to connect to the database.
Main connection [MySQLi]: No connection could be made because the target machine actively refused it
in SYSTEMPATH\Database\BaseConnection.php on line 428.
 1 SYSTEMPATH\Database\BaseConnection.php(575): CodeIgniter\Database\BaseConnection->initialize()
 2 SYSTEMPATH\Database\BaseBuilder.php(1616): CodeIgniter\Database\BaseConnection->query('SELECT *
FROM `news`', [], false)
 3 SYSTEMPATH\Model.php(242): CodeIgniter\Database\BaseBuilder->get()
 4 SYSTEMPATH\BaseModel.php(638): CodeIgniter\Model->doFindAll(0, 0)
 5 APPPATH\Models\NewsModel.php(15): CodeIgniter\BaseModel->findAll()
 6 APPPATH\Controllers\News.php(15): App\Models\NewsModel->getNews()
 7 SYSTEMPATH\CodeIgniter.php(941): App\Controllers\News->index()
 8 SYSTEMPATH\CodeIgniter.php(502): CodeIgniter\CodeIgniter->runController(Object(App\Controllers\News))
 9 SYSTEMPATH\CodeIgniter.php(361): CodeIgniter\CodeIgniter->handleRequest(null, Object(Config\Cache), false)
10 FCPATH\index.php(81): CodeIgniter\CodeIgniter->run()
11 SYSTEMPATH\Commands\Server\rewrite.php(47): require_once('D:\\MATERI KULIAH\\SEMESTER 4\\PBF\\codeigniter4-framework-7d393f8\\public\\index.php')
INFO - 2024-03-11 02:47:10 --> Session: Class initialized using 'CodeIgniter\Session\Handlers\FileHandler' driver.
ERROR - 2024-03-11 02:48:18 --> Error connecting to the database: mysqli_sql_exception: No connection could be made because the target machine actively refused it in D:\MATERI KULIAH\SEMESTER 4\PBF\codeigniter4-framework-7d393f8\system\Database\MySQLi\Connection.php:185
Stack trace:
#0 D:\MATERI KULIAH\SEMESTER 4\PBF\codeigniter4-framework-7d393f8\system\Database\MySQLi\Connection.php(185): mysqli->real_connect('localhost', 'root', '', 'ci4tutorial', 3306, '', 0)
#1 D:\MATERI KULIAH\SEMESTER 4\PBF\codeigniter4-framework-7d393f8\system\Database\BaseConnection.php(392): CodeIgniter\Database\MySQLi\Connection->connect(false)
#2 D:\MATERI KULIAH\SEMESTER 4\PBF\codeigniter4-framework-7d393f8\system\Database\BaseConnection.php(575): CodeIgniter\Database\BaseConnection->initialize()
#3 D:\MATERI KULIAH\SEMESTER 4\PBF\codeigniter4-framework-7d393f8\system\Database\BaseBuilder.php(1616): CodeIgniter\Database\BaseConnection->query('SELECT *\nFROM `...', Array, false)
#4 D:\MATERI KULIAH\SEMESTER 4\PBF\codeigniter4-framework-7d393f8\system\Model.php(242): CodeIgniter\Database\BaseBuilder->get()
#5 D:\MATERI KULIAH\SEMESTER 4\PBF\codeigniter4-framework-7d393f8\system\BaseModel.php(638): CodeIgniter\Model->doFindAll(0, 0)
#6 D:\MATERI KULIAH\SEMESTER 4\PBF\codeigniter4-framework-7d393f8\app\Models\NewsModel.php(15): CodeIgniter\BaseModel->findAll()
#7 D:\MATERI KULIAH\SEMESTER 4\PBF\codeigniter4-framework-7d393f8\app\Controllers\News.php(15): App\Models\NewsModel->getNews()
#8 D:\MATERI KULIAH\SEMESTER 4\PBF\codeigniter4-framework-7d393f8\system\CodeIgniter.php(941): App\Controllers\News->index()
#9 D:\MATERI KULIAH\SEMESTER 4\PBF\codeigniter4-framework-7d393f8\system\CodeIgniter.php(502): CodeIgniter\CodeIgniter->runController(Object(App\Controllers\News))
#10 D:\MATERI KULIAH\SEMESTER 4\PBF\codeigniter4-framework-7d393f8\system\CodeIgniter.php(361): CodeIgniter\CodeIgniter->handleRequest(NULL, Object(Config\Cache), false)
#11 D:\MATERI KULIAH\SEMESTER 4\PBF\codeigniter4-framework-7d393f8\public\index.php(81): CodeIgniter\CodeIgniter->run()
#12 D:\MATERI KULIAH\SEMESTER 4\PBF\codeigniter4-framework-7d393f8\system\Commands\Server\rewrite.php(47): require_once('D:\\MATERI KULIA...')
#13 {main}

Next CodeIgniter\Database\Exceptions\DatabaseException: No connection could be made because the target machine actively refused it in D:\MATERI KULIAH\SEMESTER 4\PBF\codeigniter4-framework-7d393f8\system\Database\MySQLi\Connection.php:229
Stack trace:
#0 D:\MATERI KULIAH\SEMESTER 4\PBF\codeigniter4-framework-7d393f8\system\Database\BaseConnection.php(392): CodeIgniter\Database\MySQLi\Connection->connect(false)
#1 D:\MATERI KULIAH\SEMESTER 4\PBF\codeigniter4-framework-7d393f8\system\Database\BaseConnection.php(575): CodeIgniter\Database\BaseConnection->initialize()
#2 D:\MATERI KULIAH\SEMESTER 4\PBF\codeigniter4-framework-7d393f8\system\Database\BaseBuilder.php(1616): CodeIgniter\Database\BaseConnection->query('SELECT *\nFROM `...', Array, false)
#3 D:\MATERI KULIAH\SEMESTER 4\PBF\codeigniter4-framework-7d393f8\system\Model.php(242): CodeIgniter\Database\BaseBuilder->get()
#4 D:\MATERI KULIAH\SEMESTER 4\PBF\codeigniter4-framework-7d393f8\system\BaseModel.php(638): CodeIgniter\Model->doFindAll(0, 0)
#5 D:\MATERI KULIAH\SEMESTER 4\PBF\codeigniter4-framework-7d393f8\app\Models\NewsModel.php(15): CodeIgniter\BaseModel->findAll()
#6 D:\MATERI KULIAH\SEMESTER 4\PBF\codeigniter4-framework-7d393f8\app\Controllers\News.php(15): App\Models\NewsModel->getNews()
#7 D:\MATERI KULIAH\SEMESTER 4\PBF\codeigniter4-framework-7d393f8\system\CodeIgniter.php(941): App\Controllers\News->index()
#8 D:\MATERI KULIAH\SEMESTER 4\PBF\codeigniter4-framework-7d393f8\system\CodeIgniter.php(502): CodeIgniter\CodeIgniter->runController(Object(App\Controllers\News))
#9 D:\MATERI KULIAH\SEMESTER 4\PBF\codeigniter4-framework-7d393f8\system\CodeIgniter.php(361): CodeIgniter\CodeIgniter->handleRequest(NULL, Object(Config\Cache), false)
#10 D:\MATERI KULIAH\SEMESTER 4\PBF\codeigniter4-framework-7d393f8\public\index.php(81): CodeIgniter\CodeIgniter->run()
#11 D:\MATERI KULIAH\SEMESTER 4\PBF\codeigniter4-framework-7d393f8\system\Commands\Server\rewrite.php(47): require_once('D:\\MATERI KULIA...')
#12 {main}
CRITICAL - 2024-03-11 02:48:18 --> CodeIgniter\Database\Exceptions\DatabaseException: Unable to connect to the database.
Main connection [MySQLi]: No connection could be made because the target machine actively refused it
in SYSTEMPATH\Database\BaseConnection.php on line 428.
 1 SYSTEMPATH\Database\BaseConnection.php(575): CodeIgniter\Database\BaseConnection->initialize()
 2 SYSTEMPATH\Database\BaseBuilder.php(1616): CodeIgniter\Database\BaseConnection->query('SELECT *
FROM `news`', [], false)
 3 SYSTEMPATH\Model.php(242): CodeIgniter\Database\BaseBuilder->get()
 4 SYSTEMPATH\BaseModel.php(638): CodeIgniter\Model->doFindAll(0, 0)
 5 APPPATH\Models\NewsModel.php(15): CodeIgniter\BaseModel->findAll()
 6 APPPATH\Controllers\News.php(15): App\Models\NewsModel->getNews()
 7 SYSTEMPATH\CodeIgniter.php(941): App\Controllers\News->index()
 8 SYSTEMPATH\CodeIgniter.php(502): CodeIgniter\CodeIgniter->runController(Object(App\Controllers\News))
 9 SYSTEMPATH\CodeIgniter.php(361): CodeIgniter\CodeIgniter->handleRequest(null, Object(Config\Cache), false)
10 FCPATH\index.php(81): CodeIgniter\CodeIgniter->run()
11 SYSTEMPATH\Commands\Server\rewrite.php(47): require_once('D:\\MATERI KULIAH\\SEMESTER 4\\PBF\\codeigniter4-framework-7d393f8\\public\\index.php')
CRITICAL - 2024-03-11 04:27:53 --> ErrorException: Undefined variable $time
in APPPATH\Views\Test.php on line 8.
 1 APPPATH\Views\Test.php(8): CodeIgniter\Debug\Exceptions->errorHandler(2, 'Undefined variable $time', 'D:\\MATERI KULIAH\\SEMESTER 4\\PBF\\codeigniter4-framework-7d393f8\\app\\Views\\Test.php', 8)
 2 SYSTEMPATH\View\View.php(228): include('D:\\MATERI KULIAH\\SEMESTER 4\\PBF\\codeigniter4-framework-7d393f8\\app\\Views\\Test.php')
 3 SYSTEMPATH\View\View.php(231): CodeIgniter\View\View->CodeIgniter\View\{closure}()
 4 SYSTEMPATH\Common.php(1178): CodeIgniter\View\View->render('Test', [], true)
 5 APPPATH\Controllers\Test.php(10): view('Test')
 6 SYSTEMPATH\CodeIgniter.php(941): App\Controllers\Test->helper()
 7 SYSTEMPATH\CodeIgniter.php(502): CodeIgniter\CodeIgniter->runController(Object(App\Controllers\Test))
 8 SYSTEMPATH\CodeIgniter.php(361): CodeIgniter\CodeIgniter->handleRequest(null, Object(Config\Cache), false)
 9 FCPATH\index.php(81): CodeIgniter\CodeIgniter->run()
10 SYSTEMPATH\Commands\Server\rewrite.php(47): require_once('D:\\MATERI KULIAH\\SEMESTER 4\\PBF\\codeigniter4-framework-7d393f8\\public\\index.php')
INFO - 2024-03-11 06:06:47 --> Session: Class initialized using 'CodeIgniter\Session\Handlers\FileHandler' driver.
